<?xml version="1.0" encoding="UTF-8"?>
<!-- Generated by org.testng.reporters.JUnitXMLReporter -->
<testsuite ignored="0" hostname="DESKTOP-MTV8ACD" failures="1" tests="5" name="Default test" time="32.669" errors="0" timestamp="2022-10-16T22:21:46 CDT">
  <testcase classname="io.cucumber.testng.AbstractTestNGCucumberTests" name="runScenario" time="4.614"/>
  <testcase classname="io.cucumber.testng.AbstractTestNGCucumberTests" name="runScenario" time="2.626"/>
  <testcase classname="io.cucumber.testng.AbstractTestNGCucumberTests" name="runScenario" time="3.141"/>
  <testcase classname="io.cucumber.testng.AbstractTestNGCucumberTests" name="runScenario" time="19.057"/>
  <testcase classname="io.cucumber.testng.AbstractTestNGCucumberTests" name="runScenario" time="2.627">
    <failure type="java.lang.NullPointerException" message="Cannot invoke &amp;quot;PageObjects.register_page.set_username(String)&amp;quot; because &amp;quot;this.rp&amp;quot; is null">
      <![CDATA[java.lang.NullPointerException: Cannot invoke "PageObjects.register_page.set_username(String)" because "this.rp" is null
at StepDefinitions.steps_register.user_enter_usename(steps_register.java:69)
at âœ½.user enter usename 3(classpath:features//register_DSalgo.feature:55)
]]>
    </failure>
  </testcase> <!-- runScenario -->
</testsuite> <!-- Default test -->
